<?xml version="1.0" encoding="UTF-8"?>
<!-- Generated by org.testng.reporters.JUnitReportReporter -->
<testsuite skipped="0" hostname="TYSS-MF-034" name="com.cbt.docsapp.web.tests.Module2.Sample1" tests="1" failures="0" timestamp="01 Dec 2017 09:34:10 GMT" time="0.004" errors="0">
  <testcase name="sample" time="0.004" classname="com.cbt.docsapp.web.tests.Module2.Sample1"/>
</testsuite> <!-- com.cbt.docsapp.web.tests.Module2.Sample1 -->
