<?xml version="1.0" encoding="UTF-8"?>
<!-- Generated by org.testng.reporters.JUnitReportReporter -->
<testsuite skipped="0" hostname="TYSS-MF-034" name="com.cbt.docsapp.android.tests.Module1.TC_2" tests="1" failures="0" timestamp="30 Nov 2017 11:24:39 GMT" time="162.293" errors="0">
  <testcase name="TC_2" time="162.293" classname="com.cbt.docsapp.android.tests.Module1.TC_2"/>
</testsuite> <!-- com.cbt.docsapp.android.tests.Module1.TC_2 -->
