<?xml version="1.0" encoding="UTF-8"?>
<!-- Generated by org.testng.reporters.JUnitReportReporter -->
<testsuite skipped="0" hostname="TYSS-MF-034" name="com.cbt.zoomcar.web.tests.Module1.TC_2" tests="2" failures="0" timestamp="24 Nov 2017 07:27:32 GMT" time="158.760" errors="0">
  <testcase name="tc_2" time="89.565" classname="com.cbt.zoomcar.web.tests.Module1.TC_2"/>
  <testcase name="tc_2" time="69.195" classname="com.cbt.zoomcar.web.tests.Module1.TC_2"/>
</testsuite> <!-- com.cbt.zoomcar.web.tests.Module1.TC_2 -->
