<?xml version="1.0" encoding="UTF-8"?>
<!-- Generated by org.testng.reporters.JUnitReportReporter -->
<testsuite skipped="0" hostname="TYSS-MF-034" name="com.cbt.zoomcar.web.tests.Module1.TC_1" tests="2" failures="0" timestamp="24 Nov 2017 07:27:32 GMT" time="152.142" errors="0">
  <testcase name="tc_1" time="106.159" classname="com.cbt.zoomcar.web.tests.Module1.TC_1"/>
  <testcase name="tc_1" time="45.983" classname="com.cbt.zoomcar.web.tests.Module1.TC_1"/>
</testsuite> <!-- com.cbt.zoomcar.web.tests.Module1.TC_1 -->
